[debug] [2026-05-04T14:11:38.063Z] ----------------------------------------------------------------------
[debug] [2026-05-04T14:11:38.066Z] Command:       C:\Program Files\nodejs\node.exe C:\Users\HITESH\AppData\Roaming\npm\node_modules\firebase-tools\lib\bin\firebase.js init
[debug] [2026-05-04T14:11:38.066Z] CLI Version:   15.14.0
[debug] [2026-05-04T14:11:38.066Z] Platform:      win32
[debug] [2026-05-04T14:11:38.066Z] Node Version:  v24.14.1
[debug] [2026-05-04T14:11:38.066Z] Time:          Mon May 04 2026 19:41:38 GMT+0530 (India Standard Time)
[debug] [2026-05-04T14:11:38.066Z] ----------------------------------------------------------------------
[debug] 
[debug] [2026-05-04T14:11:38.068Z] >>> [apiv2][query] GET https://firebase-public.firebaseio.com/cli.json [none]
[info] 
     ######## #### ########  ######## ########     ###     ######  ########
     ##        ##  ##     ## ##       ##     ##  ##   ##  ##       ##
     ######    ##  ########  ######   ########  #########  ######  ######
     ##        ##  ##    ##  ##       ##     ## ##     ##       ## ##
     ##       #### ##     ## ######## ########  ##     ##  ######  ########

You're about to initialize a Firebase project in this directory:

  C:\Users\HITESH\Desktop\internsbridge

Before we get started, keep in mind:

  * You are initializing within an existing Firebase project directory

[debug] [2026-05-04T14:11:41.682Z] <<< [apiv2][status] GET https://firebase-public.firebaseio.com/cli.json 200
[debug] [2026-05-04T14:11:41.682Z] <<< [apiv2][body] GET https://firebase-public.firebaseio.com/cli.json {"cloudBuildErrorAfter":1594252800000,"cloudBuildWarnAfter":1590019200000,"defaultNode10After":1594252800000,"minVersion":"3.0.5","node8DeploysDisabledAfter":1613390400000,"node8RuntimeDisabledAfter":1615809600000,"node8WarnAfter":1600128000000}
[info] 
=== Project Setup
[info] 
[info] First, let's associate this project directory with a Firebase project.
[info] You can create multiple project aliases by running firebase use --add, 
[info] 
[debug] [2026-05-04T14:12:51.826Z] > command requires scopes: ["email","openid","https://www.googleapis.com/auth/cloudplatformprojects.readonly","https://www.googleapis.com/auth/firebase","https://www.googleapis.com/auth/cloud-platform"]
[debug] [2026-05-04T14:12:51.826Z] > authorizing via signed-in user (hiteshbhatt781@gmail.com)
[debug] [2026-05-04T14:12:51.827Z] Checked if tokens are valid: false, expires at: 1776147948330
[debug] [2026-05-04T14:12:51.827Z] Checked if tokens are valid: false, expires at: 1776147948330
[debug] [2026-05-04T14:12:51.827Z] > refreshing access token with scopes: []
[debug] [2026-05-04T14:12:51.828Z] >>> [apiv2][query] POST https://www.googleapis.com/oauth2/v3/token [none]
[debug] [2026-05-04T14:12:51.828Z] >>> [apiv2][body] POST https://www.googleapis.com/oauth2/v3/token [omitted]
[debug] [2026-05-04T14:12:52.962Z] <<< [apiv2][status] POST https://www.googleapis.com/oauth2/v3/token 200
[debug] [2026-05-04T14:12:52.962Z] <<< [apiv2][body] POST https://www.googleapis.com/oauth2/v3/token [omitted]
[debug] [2026-05-04T14:12:52.967Z] >>> [apiv2][query] GET https://firebase.googleapis.com/v1beta1/projects/internsbridge [none]
[debug] [2026-05-04T14:12:53.807Z] <<< [apiv2][status] GET https://firebase.googleapis.com/v1beta1/projects/internsbridge 403
[debug] [2026-05-04T14:12:53.807Z] <<< [apiv2][body] GET https://firebase.googleapis.com/v1beta1/projects/internsbridge {"error":{"code":403,"message":"The caller does not have permission","status":"PERMISSION_DENIED"}}
[debug] [2026-05-04T14:12:53.807Z] Request to https://firebase.googleapis.com/v1beta1/projects/internsbridge had HTTP Error: 403, The caller does not have permission
[debug] [2026-05-04T14:12:54.269Z] FirebaseError: Request to https://firebase.googleapis.com/v1beta1/projects/internsbridge had HTTP Error: 403, The caller does not have permission
    at responseToError (C:\Users\HITESH\AppData\Roaming\npm\node_modules\firebase-tools\lib\responseToError.js:53:12)
    at RetryOperation._fn (C:\Users\HITESH\AppData\Roaming\npm\node_modules\firebase-tools\lib\apiv2.js:333:77)
    at process.processTicksAndRejections (node:internal/process/task_queues:104:5)
[error] 
[error] Error: Failed to get Firebase project internsbridge. Please make sure the project exists and your account has permission to access it.
[debug] [2026-05-04T14:14:31.301Z] ----------------------------------------------------------------------
[debug] [2026-05-04T14:14:31.304Z] Command:       C:\Program Files\nodejs\node.exe C:\Users\HITESH\AppData\Roaming\npm\node_modules\firebase-tools\lib\bin\firebase.js init
[debug] [2026-05-04T14:14:31.304Z] CLI Version:   15.14.0
[debug] [2026-05-04T14:14:31.305Z] Platform:      win32
[debug] [2026-05-04T14:14:31.305Z] Node Version:  v24.14.1
[debug] [2026-05-04T14:14:31.305Z] Time:          Mon May 04 2026 19:44:31 GMT+0530 (India Standard Time)
[debug] [2026-05-04T14:14:31.305Z] ----------------------------------------------------------------------
[debug] 
[info] 
     ######## #### ########  ######## ########     ###     ######  ########
     ##        ##  ##     ## ##       ##     ##  ##   ##  ##       ##
     ######    ##  ########  ######   ########  #########  ######  ######
     ##        ##  ##    ##  ##       ##     ## ##     ##       ## ##
     ##       #### ##     ## ######## ########  ##     ##  ######  ########

You're about to initialize a Firebase project in this directory:

  C:\Users\HITESH\Desktop\internsbridge

Before we get started, keep in mind:

  * You are initializing within an existing Firebase project directory

[info] 
=== Project Setup
[info] 
[info] First, let's associate this project directory with a Firebase project.
[info] You can create multiple project aliases by running firebase use --add, 
[info] 
[debug] [2026-05-04T14:14:46.670Z] > command requires scopes: ["email","openid","https://www.googleapis.com/auth/cloudplatformprojects.readonly","https://www.googleapis.com/auth/firebase","https://www.googleapis.com/auth/cloud-platform"]
[debug] [2026-05-04T14:14:46.671Z] > authorizing via signed-in user (hiteshbhatt781@gmail.com)
[debug] [2026-05-04T14:14:46.671Z] Checked if tokens are valid: true, expires at: 1777907571963
[debug] [2026-05-04T14:14:46.672Z] Checked if tokens are valid: true, expires at: 1777907571963
[debug] [2026-05-04T14:14:46.672Z] >>> [apiv2][query] GET https://firebase.googleapis.com/v1beta1/projects/internsbridge [none]
[debug] [2026-05-04T14:14:47.857Z] <<< [apiv2][status] GET https://firebase.googleapis.com/v1beta1/projects/internsbridge 403
[debug] [2026-05-04T14:14:47.857Z] <<< [apiv2][body] GET https://firebase.googleapis.com/v1beta1/projects/internsbridge {"error":{"code":403,"message":"The caller does not have permission","status":"PERMISSION_DENIED"}}
[debug] [2026-05-04T14:14:47.857Z] Request to https://firebase.googleapis.com/v1beta1/projects/internsbridge had HTTP Error: 403, The caller does not have permission
[debug] [2026-05-04T14:14:48.470Z] FirebaseError: Request to https://firebase.googleapis.com/v1beta1/projects/internsbridge had HTTP Error: 403, The caller does not have permission
    at responseToError (C:\Users\HITESH\AppData\Roaming\npm\node_modules\firebase-tools\lib\responseToError.js:53:12)
    at RetryOperation._fn (C:\Users\HITESH\AppData\Roaming\npm\node_modules\firebase-tools\lib\apiv2.js:333:77)
    at process.processTicksAndRejections (node:internal/process/task_queues:104:5)
[error] 
[error] Error: Failed to get Firebase project internsbridge. Please make sure the project exists and your account has permission to access it.
